Command: /home/hedu22/dev/SPI_I2C_UVM/././build/simv +UVM_TESTNAME=test -l ././build/simv.log +fsdbfile+./build/wave.fsdb
Chronologic VCS simulator copyright 1991-2024
Contains Synopsys proprietary information.
Compiler version W-2024.09-SP1_Full64; Runtime version W-2024.09-SP1_Full64;  May 27 09:36 2025
UVM_INFO /tools/synopsys/vcs/W-2024.09-SP1/etc/uvm-1.2/base/uvm_root.svh(402) @ 0: reporter [UVM/RELNOTES] 
----------------------------------------------------------------
UVM-1.2.Synopsys
(C) 2007-2014 Mentor Graphics Corporation
(C) 2007-2014 Cadence Design Systems, Inc.
(C) 2006-2014 Synopsys, Inc.
(C) 2011-2013 Cypress Semiconductor Corp.
(C) 2013-2014 NVIDIA Corporation
----------------------------------------------------------------

  ***********       IMPORTANT RELEASE NOTES         ************

  You are using a version of the UVM library that has been compiled
  with `UVM_NO_DEPRECATED undefined.
  See http://www.eda.org/svdb/view.php?id=3313 for more details.

  You are using a version of the UVM library that has been compiled
  with `UVM_OBJECT_DO_NOT_NEED_CONSTRUCTOR undefined.
  See http://www.eda.org/svdb/view.php?id=3770 for more details.

      (Specify +UVM_NO_RELNOTES to turn off this notice)

*Verdi* Loading libsscore_vcs202409.so
FSDB Dumper for VCS, Release Verdi_W-2024.09-SP2, Linux x86_64/64bit, 03/03/2025
(C) 1996 - 2025 by Synopsys, Inc.
*Verdi* FSDB WARNING: The FSDB file already exists. Overwriting the FSDB file may crash the programs that are using this file.
*Verdi* : Create FSDB file './build/wave.fsdb'
*Verdi* : Begin traversing the scopes, layer (0).
*Verdi* : End of traversing.
*Verdi* WARNING: Env/runtime option has specified fsdbfile name as "./build/wave.fsdb". Fsdbfile name in task "wave.fsdb" is ignored.
UVM_INFO @ 0: reporter [RNTST] Running test test...
UVM_INFO /tools/synopsys/vcs/W-2024.09-SP1/etc/uvm-1.2/base/uvm_root.svh(589) @ 0: reporter [UVMTOP] UVM testbench topology:
--------------------------------------------------------------
Name                       Type                    Size  Value
--------------------------------------------------------------
uvm_test_top               test                    -     @342 
  ENV                      SPI_environment         -     @361 
    AGT                    SPI_agent               -     @389 
      DRV                  SPI_driver              -     @418 
        rsp_port           uvm_analysis_port       -     @437 
        seq_item_port      uvm_seq_item_pull_port  -     @427 
      MON                  SPI_monitor             -     @399 
        WRITE              uvm_analysis_port       -     @408 
      SQR                  uvm_sequencer           -     @447 
        rsp_export         uvm_analysis_export     -     @456 
        seq_item_export    uvm_seq_item_pull_imp   -     @574 
        arbitration_queue  array                   0     -    
        lock_queue         array                   0     -    
        num_last_reqs      integral                32    'd1  
        num_last_rsps      integral                32    'd1  
    SCO                    SPI_scoreboard          -     @370 
      READ                 uvm_analysis_imp        -     @379 
--------------------------------------------------------------

UVM_INFO ./tb/tb_SPI.sv(578) @ 195000: uvm_test_top.ENV.AGT.SQR@@SEQ [SEQ] Fixed tx_data: 80
UVM_INFO ./tb/tb_SPI.sv(659) @ 205000: uvm_test_top.ENV.AGT.DRV [DRV] Drive dut: tx=80
UVM_INFO ./tb/tb_SPI.sv(720) @ 8206000: uvm_test_top.ENV.AGT.MON [MON] sampled tx_data:80, rx_data:zz
UVM_INFO ./tb/tb_SPI.sv(792) @ 8206000: uvm_test_top.ENV.SCO [SCO] [1] tx_data: 80, rx_data: zz
UVM_INFO ./tb/tb_SPI.sv(566) @ 8225000: uvm_test_top.ENV.AGT.SQR@@SEQ [SEQ] Random tx_data: c9
UVM_INFO ./tb/tb_SPI.sv(659) @ 8235000: uvm_test_top.ENV.AGT.DRV [DRV] Drive dut: tx=c9
UVM_INFO ./tb/tb_SPI.sv(720) @ 16236000: uvm_test_top.ENV.AGT.MON [MON] sampled tx_data:c9, rx_data:zz
UVM_INFO ./tb/tb_SPI.sv(792) @ 16236000: uvm_test_top.ENV.SCO [SCO] [2] tx_data: c9, rx_data: zz
UVM_INFO ./tb/tb_SPI.sv(814) @ 16236000: uvm_test_top.ENV.SCO [SCO] Stored write data[0]: c9
UVM_INFO ./tb/tb_SPI.sv(566) @ 16255000: uvm_test_top.ENV.AGT.SQR@@SEQ [SEQ] Random tx_data: 35
UVM_INFO ./tb/tb_SPI.sv(659) @ 16265000: uvm_test_top.ENV.AGT.DRV [DRV] Drive dut: tx=35
UVM_INFO ./tb/tb_SPI.sv(720) @ 24266000: uvm_test_top.ENV.AGT.MON [MON] sampled tx_data:35, rx_data:zz
UVM_INFO ./tb/tb_SPI.sv(792) @ 24266000: uvm_test_top.ENV.SCO [SCO] [3] tx_data: 35, rx_data: zz
UVM_INFO ./tb/tb_SPI.sv(814) @ 24266000: uvm_test_top.ENV.SCO [SCO] Stored write data[1]: 35
UVM_INFO ./tb/tb_SPI.sv(566) @ 24285000: uvm_test_top.ENV.AGT.SQR@@SEQ [SEQ] Random tx_data: 84
UVM_INFO ./tb/tb_SPI.sv(659) @ 24295000: uvm_test_top.ENV.AGT.DRV [DRV] Drive dut: tx=84
UVM_INFO ./tb/tb_SPI.sv(720) @ 32296000: uvm_test_top.ENV.AGT.MON [MON] sampled tx_data:84, rx_data:zz
UVM_INFO ./tb/tb_SPI.sv(792) @ 32296000: uvm_test_top.ENV.SCO [SCO] [4] tx_data: 84, rx_data: zz
UVM_INFO ./tb/tb_SPI.sv(814) @ 32296000: uvm_test_top.ENV.SCO [SCO] Stored write data[2]: 84
UVM_INFO ./tb/tb_SPI.sv(566) @ 32315000: uvm_test_top.ENV.AGT.SQR@@SEQ [SEQ] Random tx_data: c3
UVM_INFO ./tb/tb_SPI.sv(659) @ 32325000: uvm_test_top.ENV.AGT.DRV [DRV] Drive dut: tx=c3
UVM_INFO ./tb/tb_SPI.sv(720) @ 40326000: uvm_test_top.ENV.AGT.MON [MON] sampled tx_data:c3, rx_data:zz
UVM_INFO ./tb/tb_SPI.sv(792) @ 40326000: uvm_test_top.ENV.SCO [SCO] [5] tx_data: c3, rx_data: zz
UVM_INFO ./tb/tb_SPI.sv(814) @ 40326000: uvm_test_top.ENV.SCO [SCO] Stored write data[3]: c3
UVM_INFO ./tb/tb_SPI.sv(578) @ 40345000: uvm_test_top.ENV.AGT.SQR@@SEQ [SEQ] Fixed tx_data: 00
UVM_INFO ./tb/tb_SPI.sv(659) @ 40405000: uvm_test_top.ENV.AGT.DRV [DRV] Drive dut: tx=00
UVM_INFO ./tb/tb_SPI.sv(720) @ 48406000: uvm_test_top.ENV.AGT.MON [MON] sampled tx_data:00, rx_data:zz
UVM_INFO ./tb/tb_SPI.sv(792) @ 48406000: uvm_test_top.ENV.SCO [SCO] [6] tx_data: 00, rx_data: zz
UVM_INFO ./tb/tb_SPI.sv(806) @ 48406000: uvm_test_top.ENV.SCO [SCO] === SWITCHING TO READ PHASE ===
UVM_INFO ./tb/tb_SPI.sv(578) @ 48425000: uvm_test_top.ENV.AGT.SQR@@SEQ [SEQ] Fixed tx_data: ff
UVM_INFO ./tb/tb_SPI.sv(659) @ 48435000: uvm_test_top.ENV.AGT.DRV [DRV] Drive dut: tx=ff
UVM_INFO ./tb/tb_SPI.sv(720) @ 56436000: uvm_test_top.ENV.AGT.MON [MON] sampled tx_data:ff, rx_data:92
UVM_INFO ./tb/tb_SPI.sv(792) @ 56436000: uvm_test_top.ENV.SCO [SCO] [7] tx_data: ff, rx_data: 92
UVM_ERROR ./tb/tb_SPI.sv(826) @ 56436000: uvm_test_top.ENV.SCO [SCO] *** READ TEST FAILED [0]: Expected=c9, Got=92 ***
UVM_INFO ./tb/tb_SPI.sv(578) @ 56455000: uvm_test_top.ENV.AGT.SQR@@SEQ [SEQ] Fixed tx_data: ff
UVM_INFO ./tb/tb_SPI.sv(659) @ 56465000: uvm_test_top.ENV.AGT.DRV [DRV] Drive dut: tx=ff
UVM_INFO ./tb/tb_SPI.sv(720) @ 64466000: uvm_test_top.ENV.AGT.MON [MON] sampled tx_data:ff, rx_data:6b
UVM_INFO ./tb/tb_SPI.sv(792) @ 64466000: uvm_test_top.ENV.SCO [SCO] [8] tx_data: ff, rx_data: 6b
UVM_ERROR ./tb/tb_SPI.sv(826) @ 64466000: uvm_test_top.ENV.SCO [SCO] *** READ TEST FAILED [1]: Expected=35, Got=6b ***
UVM_INFO ./tb/tb_SPI.sv(578) @ 64485000: uvm_test_top.ENV.AGT.SQR@@SEQ [SEQ] Fixed tx_data: ff
UVM_INFO ./tb/tb_SPI.sv(659) @ 64495000: uvm_test_top.ENV.AGT.DRV [DRV] Drive dut: tx=ff
UVM_INFO ./tb/tb_SPI.sv(720) @ 72496000: uvm_test_top.ENV.AGT.MON [MON] sampled tx_data:ff, rx_data:09
UVM_INFO ./tb/tb_SPI.sv(792) @ 72496000: uvm_test_top.ENV.SCO [SCO] [9] tx_data: ff, rx_data: 09
UVM_ERROR ./tb/tb_SPI.sv(826) @ 72496000: uvm_test_top.ENV.SCO [SCO] *** READ TEST FAILED [2]: Expected=84, Got=09 ***
UVM_INFO ./tb/tb_SPI.sv(578) @ 72515000: uvm_test_top.ENV.AGT.SQR@@SEQ [SEQ] Fixed tx_data: ff
UVM_INFO ./tb/tb_SPI.sv(659) @ 72525000: uvm_test_top.ENV.AGT.DRV [DRV] Drive dut: tx=ff
UVM_INFO ./tb/tb_SPI.sv(720) @ 80526000: uvm_test_top.ENV.AGT.MON [MON] sampled tx_data:ff, rx_data:87
UVM_INFO ./tb/tb_SPI.sv(792) @ 80526000: uvm_test_top.ENV.SCO [SCO] [10] tx_data: ff, rx_data: 87
UVM_ERROR ./tb/tb_SPI.sv(826) @ 80526000: uvm_test_top.ENV.SCO [SCO] *** READ TEST FAILED [3]: Expected=c3, Got=87 ***
UVM_INFO /tools/synopsys/vcs/W-2024.09-SP1/etc/uvm-1.2/base/uvm_objection.svh(1276) @ 80545000: reporter [TEST_DONE] 'run' phase is ready to proceed to the 'extract' phase
UVM_INFO /tools/synopsys/vcs/W-2024.09-SP1/etc/uvm-1.2/base/uvm_report_catcher.svh(705) @ 80545000: reporter [UVM/REPORT/CATCHER] 
--- UVM Report catcher Summary ---


Number of demoted UVM_FATAL reports  :    0
Number of demoted UVM_ERROR reports  :    0
Number of demoted UVM_WARNING reports:    0
Number of caught UVM_FATAL reports   :    0
Number of caught UVM_ERROR reports   :    0
Number of caught UVM_WARNING reports :    0

UVM_INFO /tools/synopsys/vcs/W-2024.09-SP1/etc/uvm-1.2/base/uvm_report_server.svh(904) @ 80545000: reporter [UVM/REPORT/SERVER] 
--- UVM Report Summary ---

** Report counts by severity
UVM_INFO :   50
UVM_WARNING :    0
UVM_ERROR :    4
UVM_FATAL :    0
** Report counts by id
[DRV]    10
[MON]    10
[RNTST]     1
[SCO]    19
[SEQ]    10
[TEST_DONE]     1
[UVM/RELNOTES]     1
[UVM/REPORT/CATCHER]     1
[UVMTOP]     1

$finish called from file "/tools/synopsys/vcs/W-2024.09-SP1/etc/uvm-1.2/base/uvm_root.svh", line 527.
$finish at simulation time             80545000
           V C S   S i m u l a t i o n   R e p o r t 
Time: 80545000 ps
CPU Time:      0.240 seconds;       Data structure size:   0.6Mb
Tue May 27 09:36:24 2025
